[debug] [2026-07-12T23:44:23.169Z] ----------------------------------------------------------------------
[debug] [2026-07-12T23:44:23.171Z] Command:       C:\Program Files\nodejs\node.exe C:\Users\humai\AppData\Roaming\npm\node_modules\firebase-tools\lib\bin\firebase.js deploy --only functions
[debug] [2026-07-12T23:44:23.171Z] CLI Version:   15.12.0
[debug] [2026-07-12T23:44:23.171Z] Platform:      win32
[debug] [2026-07-12T23:44:23.171Z] Node Version:  v24.14.0
[debug] [2026-07-12T23:44:23.171Z] Time:          Mon Jul 13 2026 01:44:23 GMT+0200 (South Africa Standard Time)
[debug] [2026-07-12T23:44:23.171Z] ----------------------------------------------------------------------
[debug] 
[debug] [2026-07-12T23:44:26.190Z] > command requires scopes: ["email","openid","https://www.googleapis.com/auth/cloudplatformprojects.readonly","https://www.googleapis.com/auth/firebase","https://www.googleapis.com/auth/cloud-platform"]
[debug] [2026-07-12T23:44:26.190Z] > authorizing via signed-in user (kiransoodyall03@gmail.com)
[debug] [2026-07-12T23:44:26.190Z] [iam] checking project barhop-creator-webapp-ee9a8 for permissions ["cloudfunctions.functions.create","cloudfunctions.functions.delete","cloudfunctions.functions.get","cloudfunctions.functions.list","cloudfunctions.functions.update","cloudfunctions.operations.get","firebase.projects.get"]
[debug] [2026-07-12T23:44:26.192Z] Checked if tokens are valid: false, expires at: 1783900698805
[debug] [2026-07-12T23:44:26.192Z] Checked if tokens are valid: false, expires at: 1783900698805
[debug] [2026-07-12T23:44:26.193Z] > refreshing access token with scopes: []
[debug] [2026-07-12T23:44:26.194Z] >>> [apiv2][query] POST https://www.googleapis.com/oauth2/v3/token [none]
[debug] [2026-07-12T23:44:26.194Z] >>> [apiv2][body] POST https://www.googleapis.com/oauth2/v3/token [omitted]
[debug] [2026-07-12T23:44:26.630Z] <<< [apiv2][status] POST https://www.googleapis.com/oauth2/v3/token 200
[debug] [2026-07-12T23:44:26.630Z] <<< [apiv2][body] POST https://www.googleapis.com/oauth2/v3/token [omitted]
[debug] [2026-07-12T23:44:26.652Z] >>> [apiv2][query] POST https://cloudresourcemanager.googleapis.com/v1/projects/barhop-creator-webapp-ee9a8:testIamPermissions [none]
[debug] [2026-07-12T23:44:26.652Z] >>> [apiv2][(partial)header] POST https://cloudresourcemanager.googleapis.com/v1/projects/barhop-creator-webapp-ee9a8:testIamPermissions  x-goog-user-project=barhop-creator-webapp-ee9a8
[debug] [2026-07-12T23:44:26.652Z] >>> [apiv2][body] POST https://cloudresourcemanager.googleapis.com/v1/projects/barhop-creator-webapp-ee9a8:testIamPermissions {"permissions":["cloudfunctions.functions.create","cloudfunctions.functions.delete","cloudfunctions.functions.get","cloudfunctions.functions.list","cloudfunctions.functions.update","cloudfunctions.operations.get","firebase.projects.get"]}
